2022-03-02 18:39:13,719 INFO org.hibernate.validator.internal.util.Version [background-preinit] HV000001: Hibernate Validator 6.2.0.Final
2022-03-02 18:39:13,739 INFO org.springframework.boot.StartupInfoLogger [restartedMain] Starting RestIpFraudeApplication using Java 11.0.13 on DESKTOP-NILTSUQ with PID 4368 (C:\Users\Usuario\Desktop\Archivos de clases MircoS\RESTIpFraude\target\classes started by Usuario in C:\Users\Usuario\Desktop\Archivos de clases MircoS\RESTIpFraude)
2022-03-02 18:39:13,739 INFO org.springframework.boot.SpringApplication [restartedMain] No active profile set, falling back to default profiles: default
2022-03-02 18:39:13,784 INFO org.springframework.boot.logging.DeferredLog [restartedMain] Devtools property defaults active! Set 'spring.devtools.add-properties' to 'false' to disable
2022-03-02 18:39:13,784 INFO org.springframework.boot.logging.DeferredLog [restartedMain] For additional web related logging consider setting the 'logging.level.web' property to 'DEBUG'
2022-03-02 18:39:14,519 INFO org.springframework.data.repository.config.RepositoryConfigurationDelegate [restartedMain] Bootstrapping Spring Data JPA repositories in DEFAULT mode.
2022-03-02 18:39:14,707 INFO org.springframework.data.repository.config.RepositoryConfigurationDelegate [restartedMain] Finished Spring Data repository scanning in 179 ms. Found 2 JPA repository interfaces.
2022-03-02 18:39:14,945 INFO org.springframework.cloud.context.scope.GenericScope [restartedMain] BeanFactory id=62e2a5f4-fa6d-3318-86c2-329adff99657
2022-03-02 18:39:15,514 INFO org.springframework.boot.web.embedded.tomcat.TomcatWebServer [restartedMain] Tomcat initialized with port(s): 0 (http)
2022-03-02 18:39:15,524 INFO org.apache.juli.logging.DirectJDKLog [restartedMain] Initializing ProtocolHandler ["http-nio-auto-1"]
2022-03-02 18:39:15,525 INFO org.apache.juli.logging.DirectJDKLog [restartedMain] Starting service [Tomcat]
2022-03-02 18:39:15,525 INFO org.apache.juli.logging.DirectJDKLog [restartedMain] Starting Servlet engine: [Apache Tomcat/9.0.56]
2022-03-02 18:39:15,648 INFO org.apache.juli.logging.DirectJDKLog [restartedMain] Initializing Spring embedded WebApplicationContext
2022-03-02 18:39:15,649 INFO org.springframework.boot.web.servlet.context.ServletWebServerApplicationContext [restartedMain] Root WebApplicationContext: initialization completed in 1864 ms
2022-03-02 18:39:15,685 INFO com.zaxxer.hikari.HikariDataSource [restartedMain] HikariPool-1 - Starting...
2022-03-02 18:39:15,861 INFO com.zaxxer.hikari.HikariDataSource [restartedMain] HikariPool-1 - Start completed.
2022-03-02 18:39:15,874 INFO org.springframework.boot.autoconfigure.h2.H2ConsoleAutoConfiguration [restartedMain] H2 console available at '/h2-console'. Database available at 'jdbc:h2:mem:ipfraudes'
2022-03-02 18:39:16,010 INFO org.hibernate.jpa.internal.util.LogHelper [restartedMain] HHH000204: Processing PersistenceUnitInfo [name: default]
2022-03-02 18:39:16,060 INFO org.hibernate.Version [restartedMain] HHH000412: Hibernate ORM core version 5.6.4.Final
2022-03-02 18:39:16,219 INFO org.hibernate.annotations.common.reflection.java.JavaReflectionManager [restartedMain] HCANN000001: Hibernate Commons Annotations {5.1.2.Final}
2022-03-02 18:39:16,331 INFO org.hibernate.dialect.Dialect [restartedMain] HHH000400: Using dialect: org.hibernate.dialect.H2Dialect
2022-03-02 18:39:16,990 INFO org.hibernate.tool.schema.internal.exec.AbstractScriptSourceInput [restartedMain] HHH000476: Executing import script 'file:/C:/Users/Usuario/Desktop/Archivos%20de%20clases%20MircoS/RESTIpFraude/target/classes/import.sql'
2022-03-02 18:39:17,003 INFO org.hibernate.engine.transaction.jta.platform.internal.JtaPlatformInitiator [restartedMain] HHH000490: Using JtaPlatform implementation: [org.hibernate.engine.transaction.jta.platform.internal.NoJtaPlatform]
2022-03-02 18:39:17,012 INFO org.springframework.orm.jpa.AbstractEntityManagerFactoryBean [restartedMain] Initialized JPA EntityManagerFactory for persistence unit 'default'
2022-03-02 18:39:17,434 WARN org.springframework.boot.autoconfigure.orm.jpa.JpaBaseConfiguration$JpaWebConfiguration [restartedMain] spring.jpa.open-in-view is enabled by default. Therefore, database queries may be performed during view rendering. Explicitly configure spring.jpa.open-in-view to disable this warning
2022-03-02 18:39:17,769 WARN org.springframework.boot.devtools.autoconfigure.OptionalLiveReloadServer [restartedMain] Unable to start LiveReload server
2022-03-02 18:39:17,893 INFO org.springframework.cloud.netflix.eureka.config.DiscoveryClientOptionalArgsConfiguration [restartedMain] Eureka HTTP Client uses RestTemplate.
2022-03-02 18:39:18,045 WARN org.springframework.cloud.loadbalancer.config.LoadBalancerCacheAutoConfiguration$LoadBalancerCaffeineWarnLogger [restartedMain] Spring Cloud LoadBalancer is currently working with the default cache. While this cache implementation is useful for development and tests, it's recommended to use Caffeine cache in production.You can switch to using Caffeine cache, by adding it and org.springframework.cache.caffeine.CaffeineCacheManager to the classpath.
2022-03-02 18:39:18,113 INFO org.apache.juli.logging.DirectJDKLog [restartedMain] Starting ProtocolHandler ["http-nio-auto-1"]
2022-03-02 18:39:18,143 INFO org.springframework.boot.web.embedded.tomcat.TomcatWebServer [restartedMain] Tomcat started on port(s): 64870 (http) with context path '/api/v1/rest-ipfraudes'
2022-03-02 18:39:18,144 INFO org.springframework.cloud.netflix.eureka.serviceregistry.EurekaAutoServiceRegistration [restartedMain] Updating port to 64870
2022-03-02 18:39:18,154 INFO org.springframework.cloud.netflix.eureka.InstanceInfoFactory [restartedMain] Setting initial instance status as: STARTING
2022-03-02 18:39:18,228 INFO com.netflix.discovery.DiscoveryClient [restartedMain] Initializing Eureka in region us-east-1
2022-03-02 18:39:18,238 INFO com.netflix.discovery.shared.resolver.aws.ConfigClusterResolver [restartedMain] Resolving eureka endpoints via configuration
2022-03-02 18:39:18,290 INFO com.netflix.discovery.DiscoveryClient [restartedMain] Disable delta property : false
2022-03-02 18:39:18,291 INFO com.netflix.discovery.DiscoveryClient [restartedMain] Single vip registry refresh property : null
2022-03-02 18:39:18,291 INFO com.netflix.discovery.DiscoveryClient [restartedMain] Force full registry fetch : false
2022-03-02 18:39:18,291 INFO com.netflix.discovery.DiscoveryClient [restartedMain] Application is null : false
2022-03-02 18:39:18,291 INFO com.netflix.discovery.DiscoveryClient [restartedMain] Registered Applications size is zero : true
2022-03-02 18:39:18,291 INFO com.netflix.discovery.DiscoveryClient [restartedMain] Application version is -1: true
2022-03-02 18:39:18,291 INFO com.netflix.discovery.DiscoveryClient [restartedMain] Getting all instance registry info from the eureka server
2022-03-02 18:39:18,629 INFO com.netflix.discovery.DiscoveryClient [restartedMain] The response status is 200
2022-03-02 18:39:18,631 INFO com.netflix.discovery.DiscoveryClient [restartedMain] Starting heartbeat executor: renew interval is: 30
2022-03-02 18:39:18,634 INFO com.netflix.discovery.InstanceInfoReplicator [restartedMain] InstanceInfoReplicator onDemand update allowed rate per min is 4
2022-03-02 18:39:18,640 INFO com.netflix.discovery.DiscoveryClient [restartedMain] Discovery Client initialized at timestamp 1646267958639 with initial instances count: 1
2022-03-02 18:39:18,641 INFO org.springframework.cloud.netflix.eureka.serviceregistry.EurekaServiceRegistry [restartedMain] Registering application API-IPFRAUDES with eureka with status UP
2022-03-02 18:39:18,642 INFO com.netflix.discovery.DiscoveryClient$3 [restartedMain] Saw local status change event StatusChangeEvent [timestamp=1646267958642, current=UP, previous=STARTING]
2022-03-02 18:39:18,644 INFO com.netflix.discovery.DiscoveryClient [DiscoveryClient-InstanceInfoReplicator-0] DiscoveryClient_API-IPFRAUDES/api-ipfraudes:c010ddb8069ef73a06b33044b9d77e7f: registering service...
2022-03-02 18:39:18,713 INFO com.netflix.discovery.DiscoveryClient [DiscoveryClient-InstanceInfoReplicator-0] DiscoveryClient_API-IPFRAUDES/api-ipfraudes:c010ddb8069ef73a06b33044b9d77e7f - registration status: 204
2022-03-02 18:39:18,759 INFO org.springframework.boot.StartupInfoLogger [restartedMain] Started RestIpFraudeApplication in 5.487 seconds (JVM running for 6.629)
2022-03-02 18:39:51,005 INFO org.apache.juli.logging.DirectJDKLog [http-nio-auto-1-exec-1] Initializing Spring DispatcherServlet 'dispatcherServlet'
2022-03-02 18:39:51,006 INFO org.springframework.web.servlet.FrameworkServlet [http-nio-auto-1-exec-1] Initializing Servlet 'dispatcherServlet'
2022-03-02 18:39:51,007 INFO org.springframework.web.servlet.FrameworkServlet [http-nio-auto-1-exec-1] Completed initialization in 1 ms
2022-03-02 18:43:33,636 INFO org.springframework.boot.admin.SpringApplicationAdminMXBeanRegistrar$SpringApplicationAdmin [RMI TCP Connection(14)-127.0.0.1] Application shutdown requested.
2022-03-02 18:43:33,637 INFO org.springframework.cloud.netflix.eureka.serviceregistry.EurekaServiceRegistry [RMI TCP Connection(14)-127.0.0.1] Unregistering application API-IPFRAUDES with eureka with status DOWN
2022-03-02 18:43:33,637 INFO com.netflix.discovery.DiscoveryClient$3 [RMI TCP Connection(14)-127.0.0.1] Saw local status change event StatusChangeEvent [timestamp=1646268213637, current=DOWN, previous=UP]
2022-03-02 18:43:33,638 INFO com.netflix.discovery.DiscoveryClient [DiscoveryClient-InstanceInfoReplicator-0] DiscoveryClient_API-IPFRAUDES/api-ipfraudes:c010ddb8069ef73a06b33044b9d77e7f: registering service...
2022-03-02 18:43:33,653 INFO com.netflix.discovery.DiscoveryClient [DiscoveryClient-InstanceInfoReplicator-0] DiscoveryClient_API-IPFRAUDES/api-ipfraudes:c010ddb8069ef73a06b33044b9d77e7f - registration status: 204
2022-03-02 18:43:33,686 INFO org.springframework.orm.jpa.AbstractEntityManagerFactoryBean [RMI TCP Connection(14)-127.0.0.1] Closing JPA EntityManagerFactory for persistence unit 'default'
2022-03-02 18:43:33,687 INFO org.hibernate.tool.schema.internal.SchemaDropperImpl$DelayedDropActionImpl [RMI TCP Connection(14)-127.0.0.1] HHH000477: Starting delayed evictData of schema as part of SessionFactory shut-down'
2022-03-02 18:43:33,901 WARN org.springframework.beans.factory.support.DisposableBeanAdapter [RMI TCP Connection(14)-127.0.0.1] Invocation of destroy method failed on bean with name 'inMemoryDatabaseShutdownExecutor': org.h2.jdbc.JdbcSQLNonTransientConnectionException: La base de datos ya esta cerrada (para des-habilitar el cerrado automatico durante el shutdown de la VM, agregue ";DB_CLOSE_ON_EXIT=FALSE" a la URL de conexión)
Database is already closed (to disable automatic closing at VM shutdown, add ";DB_CLOSE_ON_EXIT=FALSE" to the db URL) [90121-200]
2022-03-02 18:43:33,902 INFO com.zaxxer.hikari.HikariDataSource [RMI TCP Connection(14)-127.0.0.1] HikariPool-1 - Shutdown initiated...
2022-03-02 18:43:33,906 INFO com.zaxxer.hikari.HikariDataSource [RMI TCP Connection(14)-127.0.0.1] HikariPool-1 - Shutdown completed.
2022-03-02 18:43:33,907 INFO com.netflix.discovery.DiscoveryClient [RMI TCP Connection(14)-127.0.0.1] Shutting down DiscoveryClient ...
2022-03-02 18:43:36,922 INFO com.netflix.discovery.DiscoveryClient [RMI TCP Connection(14)-127.0.0.1] Unregistering ...
2022-03-02 18:43:36,938 INFO com.netflix.discovery.DiscoveryClient [RMI TCP Connection(14)-127.0.0.1] DiscoveryClient_API-IPFRAUDES/api-ipfraudes:c010ddb8069ef73a06b33044b9d77e7f - deregister  status: 200
2022-03-02 18:43:36,944 INFO com.netflix.discovery.DiscoveryClient [RMI TCP Connection(14)-127.0.0.1] Completed shut down of DiscoveryClient
